{
  "RSpec": {
    "coverage": {
      "/Users/Basile/Desktop/makers_2017/projects/week10/database-server-tech-test/app.rb": [
        1,
        1,
        null,
        null,
        1,
        null,
        1,
        2,
        null,
        null,
        1,
        1,
        1,
        1,
        null,
        null,
        1,
        1,
        1,
        0,
        null,
        null,
        null
      ],
      "/Users/Basile/Desktop/makers_2017/projects/week10/database-server-tech-test/lib/key_value.rb": [
        1,
        1,
        null,
        null,
        null,
        1,
        3,
        3,
        null,
        null,
        1,
        3,
        null,
        null
      ],
      "/Users/Basile/Desktop/makers_2017/projects/week10/database-server-tech-test/spec/features/get_spec.rb": [
        1,
        null,
        1,
        1,
        1,
        1,
        null,
        null
      ],
      "/Users/Basile/Desktop/makers_2017/projects/week10/database-server-tech-test/spec/features/set_spec.rb": [
        1,
        null,
        1,
        1,
        1,
        1,
        null,
        null
      ],
      "/Users/Basile/Desktop/makers_2017/projects/week10/database-server-tech-test/spec/key_value_spec.rb": [
        1,
        null,
        1,
        2,
        2,
        null,
        1,
        1,
        null,
        null,
        1,
        1,
        1,
        null,
        null,
        null
      ]
    },
    "timestamp": 1488818914
  }
}
